0 verbose cli /usr/local/bin/node /usr/local/bin/npm
1 info using npm@10.2.5
2 info using node@v20.10.0
3 timing npm:load:whichnode Completed in 7ms
4 timing config:load:defaults Completed in 13ms
5 timing config:load:file:/usr/local/lib/node_modules/npm/npmrc Completed in 6ms
6 timing config:load:builtin Completed in 7ms
7 timing config:load:cli Completed in 3ms
8 timing config:load:env Completed in 0ms
9 timing config:load:project Completed in 4ms
10 timing config:load:file:/home/container/.npmrc Completed in 0ms
11 timing config:load:user Completed in 0ms
12 timing config:load:file:/usr/local/etc/npmrc Completed in 0ms
13 timing config:load:global Completed in 2ms
14 timing config:load:setEnvs Completed in 3ms
15 timing config:load Completed in 34ms
16 timing npm:load:configload Completed in 34ms
17 timing config:load:flatten Completed in 4ms
18 timing npm:load:mkdirpcache Completed in 1ms
19 timing npm:load:mkdirplogs Completed in 0ms
20 verbose title npm install
21 verbose argv "install"
22 timing npm:load:setTitle Completed in 3ms
23 timing npm:load:display Completed in 1ms
24 verbose logfile logs-max:10 dir:/home/container/.npm/_logs/2023-12-22T18_37_41_899Z-
25 verbose logfile /home/container/.npm/_logs/2023-12-22T18_37_41_899Z-debug-0.log
26 timing npm:load:logFile Completed in 29ms
27 timing npm:load:timers Completed in 0ms
28 timing npm:load:configScope Completed in 0ms
29 timing npm:load Completed in 125ms
30 timing arborist:ctor Completed in 1ms
31 silly logfile done cleaning log files
32 timing idealTree:init Completed in 342ms
33 timing idealTree:userRequests Completed in 1ms
34 silly idealTree buildDeps
35 timing idealTree:#root Completed in 1ms
36 timing idealTree:buildDeps Completed in 4ms
37 timing idealTree:fixDepFlags Completed in 0ms
38 timing idealTree Completed in 361ms
39 timing reify:loadTrees Completed in 389ms
40 timing reify:diffTrees Completed in 10ms
41 silly reify moves {}
42 timing reify:retireShallow Completed in 1ms
43 http fetch GET 200 https://registry.npmjs.org/npm 1107ms
44 timing reify:createSparse Completed in 192ms
45 timing reify:loadBundles Completed in 0ms
46 silly audit bulk request {
46 silly audit   '@mongodb-js/saslprep': [ '1.1.1' ],
46 silly audit   '@types/node': [ '20.10.5' ],
46 silly audit   '@types/webidl-conversions': [ '7.0.3' ],
46 silly audit   '@types/whatwg-url': [ '8.2.2' ],
46 silly audit   accepts: [ '1.3.8' ],
46 silly audit   'append-field': [ '1.0.0' ],
46 silly audit   'array-flatten': [ '1.1.1' ],
46 silly audit   'body-parser': [ '1.20.2', '1.20.1' ],
46 silly audit   bson: [ '6.2.0' ],
46 silly audit   'buffer-from': [ '1.1.2' ],
46 silly audit   busboy: [ '1.6.0' ],
46 silly audit   bytes: [ '3.1.2' ],
46 silly audit   'call-bind': [ '1.0.5' ],
46 silly audit   'concat-stream': [ '1.6.2' ],
46 silly audit   'content-disposition': [ '0.5.4' ],
46 silly audit   'content-type': [ '1.0.5' ],
46 silly audit   cookie: [ '0.5.0' ],
46 silly audit   'cookie-signature': [ '1.0.6' ],
46 silly audit   'core-util-is': [ '1.0.3' ],
46 silly audit   debug: [ '2.6.9', '4.3.4' ],
46 silly audit   'define-data-property': [ '1.1.1' ],
46 silly audit   depd: [ '2.0.0' ],
46 silly audit   destroy: [ '1.2.0' ],
46 silly audit   dotenv: [ '16.3.1' ],
46 silly audit   'ee-first': [ '1.1.1' ],
46 silly audit   encodeurl: [ '1.0.2' ],
46 silly audit   'escape-html': [ '1.0.3' ],
46 silly audit   etag: [ '1.8.1' ],
46 silly audit   express: [ '4.18.2' ],
46 silly audit   'raw-body': [ '2.5.1', '2.5.2' ],
46 silly audit   finalhandler: [ '1.2.0' ],
46 silly audit   forwarded: [ '0.2.0' ],
46 silly audit   fresh: [ '0.5.2' ],
46 silly audit   'function-bind': [ '1.1.2' ],
46 silly audit   'get-intrinsic': [ '1.2.2' ],
46 silly audit   gopd: [ '1.0.1' ],
46 silly audit   'has-property-descriptors': [ '1.0.1' ],
46 silly audit   'has-proto': [ '1.0.1' ],
46 silly audit   'has-symbols': [ '1.0.3' ],
46 silly audit   hasown: [ '2.0.0' ],
46 silly audit   'http-errors': [ '2.0.0' ],
46 silly audit   'iconv-lite': [ '0.4.24' ],
46 silly audit   inherits: [ '2.0.4', '2.0.3' ],
46 silly audit   'ipaddr.js': [ '1.9.1' ],
46 silly audit   isarray: [ '1.0.0' ],
46 silly audit   kareem: [ '2.5.1' ],
46 silly audit   'media-typer': [ '0.3.0' ],
46 silly audit   'memory-pager': [ '1.5.0' ],
46 silly audit   'merge-descriptors': [ '1.0.1' ],
46 silly audit   methods: [ '1.1.2' ],
46 silly audit   mime: [ '1.6.0' ],
46 silly audit   'mime-db': [ '1.52.0' ],
46 silly audit   'mime-types': [ '2.1.35' ],
46 silly audit   minimist: [ '1.2.8' ],
46 silly audit   mkdirp: [ '0.5.6' ],
46 silly audit   mongodb: [ '6.2.0' ],
46 silly audit   'mongodb-connection-string-url': [ '2.6.0' ],
46 silly audit   mongoose: [ '8.0.3' ],
46 silly audit   ms: [ '2.1.3', '2.1.2', '2.0.0' ],
46 silly audit   mpath: [ '0.9.0' ],
46 silly audit   mquery: [ '5.0.0' ],
46 silly audit   multer: [ '1.4.5-lts.1' ],
46 silly audit   negotiator: [ '0.6.3' ],
46 silly audit   'object-assign': [ '4.1.1' ],
46 silly audit   'object-inspect': [ '1.13.1' ],
46 silly audit   'on-finished': [ '2.4.1' ],
46 silly audit   parseurl: [ '1.3.3' ],
46 silly audit   path: [ '0.12.7' ],
46 silly audit   'path-to-regexp': [ '0.1.7' ],
46 silly audit   process: [ '0.11.10' ],
46 silly audit   'process-nextick-args': [ '2.0.1' ],
46 silly audit   'proxy-addr': [ '2.0.7' ],
46 silly audit   punycode: [ '2.3.1' ],
46 silly audit   qs: [ '6.11.0' ],
46 silly audit   'range-parser': [ '1.2.1' ],
46 silly audit   'readable-stream': [ '2.3.8' ],
46 silly audit   'safe-buffer': [ '5.1.2', '5.2.1' ],
46 silly audit   'safer-buffer': [ '2.1.2' ],
46 silly audit   send: [ '0.18.0' ],
46 silly audit   'serve-static': [ '1.15.0' ],
46 silly audit   'set-function-length': [ '1.1.1' ],
46 silly audit   setprototypeof: [ '1.2.0' ],
46 silly audit   'side-channel': [ '1.0.4' ],
46 silly audit   sift: [ '16.0.1' ],
46 silly audit   'sparse-bitfield': [ '3.0.3' ],
46 silly audit   statuses: [ '2.0.1' ],
46 silly audit   streamsearch: [ '1.1.0' ],
46 silly audit   string_decoder: [ '1.1.1' ],
46 silly audit   toidentifier: [ '1.0.1' ],
46 silly audit   tr46: [ '3.0.0' ],
46 silly audit   'type-is': [ '1.6.18' ],
46 silly audit   typedarray: [ '0.0.6' ],
46 silly audit   'undici-types': [ '5.26.5' ],
46 silly audit   unpipe: [ '1.0.0' ],
46 silly audit   util: [ '0.10.4' ],
46 silly audit   'util-deprecate': [ '1.0.2' ],
46 silly audit   'utils-merge': [ '1.0.1' ],
46 silly audit   vary: [ '1.1.2' ],
46 silly audit   'webidl-conversions': [ '7.0.0' ],
46 silly audit   'whatwg-url': [ '11.0.0' ],
46 silly audit   xtend: [ '4.0.2' ]
46 silly audit }
47 silly tarball no local data for mime@https://registry.npmjs.org/mime/-/mime-1.6.0.tgz. Extracting by manifest.
48 silly tarball no local data for methods@https://registry.npmjs.org/methods/-/methods-1.1.2.tgz. Extracting by manifest.
49 silly tarball no local data for merge-descriptors@https://registry.npmjs.org/merge-descriptors/-/merge-descriptors-1.0.1.tgz. Extracting by manifest.
50 silly tarball no local data for memory-pager@https://registry.npmjs.org/memory-pager/-/memory-pager-1.5.0.tgz. Extracting by manifest.
51 silly tarball no local data for media-typer@https://registry.npmjs.org/media-typer/-/media-typer-0.3.0.tgz. Extracting by manifest.
52 silly tarball no local data for kareem@https://registry.npmjs.org/kareem/-/kareem-2.5.1.tgz. Extracting by manifest.
53 silly tarball no local data for isarray@https://registry.npmjs.org/isarray/-/isarray-1.0.0.tgz. Extracting by manifest.
54 silly tarball no local data for ipaddr.js@https://registry.npmjs.org/ipaddr.js/-/ipaddr.js-1.9.1.tgz. Extracting by manifest.
55 silly tarball no local data for inherits@https://registry.npmjs.org/inherits/-/inherits-2.0.4.tgz. Extracting by manifest.
56 silly tarball no local data for iconv-lite@https://registry.npmjs.org/iconv-lite/-/iconv-lite-0.4.24.tgz. Extracting by manifest.
57 silly tarball no local data for http-errors@https://registry.npmjs.org/http-errors/-/http-errors-2.0.0.tgz. Extracting by manifest.
58 silly tarball no local data for hasown@https://registry.npmjs.org/hasown/-/hasown-2.0.0.tgz. Extracting by manifest.
59 silly tarball no local data for has-proto@https://registry.npmjs.org/has-proto/-/has-proto-1.0.1.tgz. Extracting by manifest.
60 silly tarball no local data for has-property-descriptors@https://registry.npmjs.org/has-property-descriptors/-/has-property-descriptors-1.0.1.tgz. Extracting by manifest.
61 silly tarball no local data for gopd@https://registry.npmjs.org/gopd/-/gopd-1.0.1.tgz. Extracting by manifest.
62 silly tarball no local data for function-bind@https://registry.npmjs.org/function-bind/-/function-bind-1.1.2.tgz. Extracting by manifest.
63 silly tarball no local data for fresh@https://registry.npmjs.org/fresh/-/fresh-0.5.2.tgz. Extracting by manifest.
64 silly tarball no local data for has-symbols@https://registry.npmjs.org/has-symbols/-/has-symbols-1.0.3.tgz. Extracting by manifest.
65 silly tarball no local data for forwarded@https://registry.npmjs.org/forwarded/-/forwarded-0.2.0.tgz. Extracting by manifest.
66 silly tarball no local data for express@https://registry.npmjs.org/express/-/express-4.18.2.tgz. Extracting by manifest.
67 silly tarball no local data for finalhandler@https://registry.npmjs.org/finalhandler/-/finalhandler-1.2.0.tgz. Extracting by manifest.
68 silly tarball no local data for etag@https://registry.npmjs.org/etag/-/etag-1.8.1.tgz. Extracting by manifest.
69 silly tarball no local data for escape-html@https://registry.npmjs.org/escape-html/-/escape-html-1.0.3.tgz. Extracting by manifest.
70 silly tarball no local data for encodeurl@https://registry.npmjs.org/encodeurl/-/encodeurl-1.0.2.tgz. Extracting by manifest.
71 silly tarball no local data for ee-first@https://registry.npmjs.org/ee-first/-/ee-first-1.1.1.tgz. Extracting by manifest.
72 silly tarball no local data for dotenv@https://registry.npmjs.org/dotenv/-/dotenv-16.3.1.tgz. Extracting by manifest.
73 silly tarball no local data for destroy@https://registry.npmjs.org/destroy/-/destroy-1.2.0.tgz. Extracting by manifest.
74 silly tarball no local data for define-data-property@https://registry.npmjs.org/define-data-property/-/define-data-property-1.1.1.tgz. Extracting by manifest.
75 silly tarball no local data for depd@https://registry.npmjs.org/depd/-/depd-2.0.0.tgz. Extracting by manifest.
76 silly tarball no local data for debug@https://registry.npmjs.org/debug/-/debug-2.6.9.tgz. Extracting by manifest.
77 silly tarball no local data for core-util-is@https://registry.npmjs.org/core-util-is/-/core-util-is-1.0.3.tgz. Extracting by manifest.
78 silly tarball no local data for get-intrinsic@https://registry.npmjs.org/get-intrinsic/-/get-intrinsic-1.2.2.tgz. Extracting by manifest.
79 silly tarball no local data for cookie-signature@https://registry.npmjs.org/cookie-signature/-/cookie-signature-1.0.6.tgz. Extracting by manifest.
80 silly tarball no local data for cookie@https://registry.npmjs.org/cookie/-/cookie-0.5.0.tgz. Extracting by manifest.
81 silly tarball no local data for content-type@https://registry.npmjs.org/content-type/-/content-type-1.0.5.tgz. Extracting by manifest.
82 silly tarball no local data for content-disposition@https://registry.npmjs.org/content-disposition/-/content-disposition-0.5.4.tgz. Extracting by manifest.
83 silly tarball no local data for concat-stream@https://registry.npmjs.org/concat-stream/-/concat-stream-1.6.2.tgz. Extracting by manifest.
84 silly tarball no local data for whatwg-url@https://registry.npmjs.org/whatwg-url/-/whatwg-url-11.0.0.tgz. Extracting by manifest.
85 silly tarball no local data for xtend@https://registry.npmjs.org/xtend/-/xtend-4.0.2.tgz. Extracting by manifest.
86 silly tarball no local data for utils-merge@https://registry.npmjs.org/utils-merge/-/utils-merge-1.0.1.tgz. Extracting by manifest.
87 silly tarball no local data for vary@https://registry.npmjs.org/vary/-/vary-1.1.2.tgz. Extracting by manifest.
88 silly tarball no local data for webidl-conversions@https://registry.npmjs.org/webidl-conversions/-/webidl-conversions-7.0.0.tgz. Extracting by manifest.
89 silly tarball no local data for util-deprecate@https://registry.npmjs.org/util-deprecate/-/util-deprecate-1.0.2.tgz. Extracting by manifest.
90 silly tarball no local data for unpipe@https://registry.npmjs.org/unpipe/-/unpipe-1.0.0.tgz. Extracting by manifest.
91 silly tarball no local data for undici-types@https://registry.npmjs.org/undici-types/-/undici-types-5.26.5.tgz. Extracting by manifest.
92 silly tarball no local data for typedarray@https://registry.npmjs.org/typedarray/-/typedarray-0.0.6.tgz. Extracting by manifest.
93 silly tarball no local data for type-is@https://registry.npmjs.org/type-is/-/type-is-1.6.18.tgz. Extracting by manifest.
94 silly tarball no local data for tr46@https://registry.npmjs.org/tr46/-/tr46-3.0.0.tgz. Extracting by manifest.
95 silly tarball no local data for toidentifier@https://registry.npmjs.org/toidentifier/-/toidentifier-1.0.1.tgz. Extracting by manifest.
96 silly tarball no local data for string_decoder@https://registry.npmjs.org/string_decoder/-/string_decoder-1.1.1.tgz. Extracting by manifest.
97 silly tarball no local data for streamsearch@https://registry.npmjs.org/streamsearch/-/streamsearch-1.1.0.tgz. Extracting by manifest.
98 silly tarball no local data for statuses@https://registry.npmjs.org/statuses/-/statuses-2.0.1.tgz. Extracting by manifest.
99 silly tarball no local data for sparse-bitfield@https://registry.npmjs.org/sparse-bitfield/-/sparse-bitfield-3.0.3.tgz. Extracting by manifest.
100 silly tarball no local data for sift@https://registry.npmjs.org/sift/-/sift-16.0.1.tgz. Extracting by manifest.
101 silly tarball no local data for side-channel@https://registry.npmjs.org/side-channel/-/side-channel-1.0.4.tgz. Extracting by manifest.
102 silly tarball no local data for setprototypeof@https://registry.npmjs.org/setprototypeof/-/setprototypeof-1.2.0.tgz. Extracting by manifest.
103 silly tarball no local data for set-function-length@https://registry.npmjs.org/set-function-length/-/set-function-length-1.1.1.tgz. Extracting by manifest.
104 silly tarball no local data for serve-static@https://registry.npmjs.org/serve-static/-/serve-static-1.15.0.tgz. Extracting by manifest.
105 silly tarball no local data for send@https://registry.npmjs.org/send/-/send-0.18.0.tgz. Extracting by manifest.
106 silly tarball no local data for safer-buffer@https://registry.npmjs.org/safer-buffer/-/safer-buffer-2.1.2.tgz. Extracting by manifest.
107 silly tarball no local data for safe-buffer@https://registry.npmjs.org/safe-buffer/-/safe-buffer-5.2.1.tgz. Extracting by manifest.
108 silly tarball no local data for readable-stream@https://registry.npmjs.org/readable-stream/-/readable-stream-2.3.8.tgz. Extracting by manifest.
109 silly tarball no local data for raw-body@https://registry.npmjs.org/raw-body/-/raw-body-2.5.2.tgz. Extracting by manifest.
110 silly tarball no local data for range-parser@https://registry.npmjs.org/range-parser/-/range-parser-1.2.1.tgz. Extracting by manifest.
111 silly tarball no local data for qs@https://registry.npmjs.org/qs/-/qs-6.11.0.tgz. Extracting by manifest.
112 silly tarball no local data for punycode@https://registry.npmjs.org/punycode/-/punycode-2.3.1.tgz. Extracting by manifest.
113 silly tarball no local data for proxy-addr@https://registry.npmjs.org/proxy-addr/-/proxy-addr-2.0.7.tgz. Extracting by manifest.
114 silly tarball no local data for process-nextick-args@https://registry.npmjs.org/process-nextick-args/-/process-nextick-args-2.0.1.tgz. Extracting by manifest.
115 silly tarball no local data for process@https://registry.npmjs.org/process/-/process-0.11.10.tgz. Extracting by manifest.
116 silly tarball no local data for path-to-regexp@https://registry.npmjs.org/path-to-regexp/-/path-to-regexp-0.1.7.tgz. Extracting by manifest.
117 silly tarball no local data for path@https://registry.npmjs.org/path/-/path-0.12.7.tgz. Extracting by manifest.
118 silly tarball no local data for parseurl@https://registry.npmjs.org/parseurl/-/parseurl-1.3.3.tgz. Extracting by manifest.
119 silly tarball no local data for on-finished@https://registry.npmjs.org/on-finished/-/on-finished-2.4.1.tgz. Extracting by manifest.
120 silly tarball no local data for object-inspect@https://registry.npmjs.org/object-inspect/-/object-inspect-1.13.1.tgz. Extracting by manifest.
121 silly tarball no local data for object-assign@https://registry.npmjs.org/object-assign/-/object-assign-4.1.1.tgz. Extracting by manifest.
122 silly tarball no local data for negotiator@https://registry.npmjs.org/negotiator/-/negotiator-0.6.3.tgz. Extracting by manifest.
123 silly tarball no local data for multer@https://registry.npmjs.org/multer/-/multer-1.4.5-lts.1.tgz. Extracting by manifest.
124 silly tarball no local data for ms@https://registry.npmjs.org/ms/-/ms-2.0.0.tgz. Extracting by manifest.
125 silly tarball no local data for mpath@https://registry.npmjs.org/mpath/-/mpath-0.9.0.tgz. Extracting by manifest.
126 silly tarball no local data for mongoose@https://registry.npmjs.org/mongoose/-/mongoose-8.0.3.tgz. Extracting by manifest.
127 silly tarball no local data for mongodb-connection-string-url@https://registry.npmjs.org/mongodb-connection-string-url/-/mongodb-connection-string-url-2.6.0.tgz. Extracting by manifest.
128 silly tarball no local data for mquery@https://registry.npmjs.org/mquery/-/mquery-5.0.0.tgz. Extracting by manifest.
129 silly tarball no local data for mkdirp@https://registry.npmjs.org/mkdirp/-/mkdirp-0.5.6.tgz. Extracting by manifest.
130 silly tarball no local data for minimist@https://registry.npmjs.org/minimist/-/minimist-1.2.8.tgz. Extracting by manifest.
131 silly tarball no local data for mongodb@https://registry.npmjs.org/mongodb/-/mongodb-6.2.0.tgz. Extracting by manifest.
132 silly tarball no local data for mime-types@https://registry.npmjs.org/mime-types/-/mime-types-2.1.35.tgz. Extracting by manifest.
133 silly tarball no local data for mime-db@https://registry.npmjs.org/mime-db/-/mime-db-1.52.0.tgz. Extracting by manifest.
134 silly tarball no local data for util@https://registry.npmjs.org/util/-/util-0.10.4.tgz. Extracting by manifest.
135 silly tarball no local data for safe-buffer@https://registry.npmjs.org/safe-buffer/-/safe-buffer-5.1.2.tgz. Extracting by manifest.
136 silly tarball no local data for inherits@https://registry.npmjs.org/inherits/-/inherits-2.0.3.tgz. Extracting by manifest.
137 silly tarball no local data for safe-buffer@https://registry.npmjs.org/safe-buffer/-/safe-buffer-5.1.2.tgz. Extracting by manifest.
138 silly tarball no local data for ms@https://registry.npmjs.org/ms/-/ms-2.1.3.tgz. Extracting by manifest.
139 silly tarball no local data for ms@https://registry.npmjs.org/ms/-/ms-2.1.2.tgz. Extracting by manifest.
140 silly tarball no local data for ms@https://registry.npmjs.org/ms/-/ms-2.1.3.tgz. Extracting by manifest.
141 silly tarball no local data for debug@https://registry.npmjs.org/debug/-/debug-4.3.4.tgz. Extracting by manifest.
142 silly tarball no local data for raw-body@https://registry.npmjs.org/raw-body/-/raw-body-2.5.1.tgz. Extracting by manifest.
143 silly tarball no local data for body-parser@https://registry.npmjs.org/body-parser/-/body-parser-1.20.1.tgz. Extracting by manifest.
144 silly tarball no local data for call-bind@https://registry.npmjs.org/call-bind/-/call-bind-1.0.5.tgz. Extracting by manifest.
145 silly tarball no local data for bytes@https://registry.npmjs.org/bytes/-/bytes-3.1.2.tgz. Extracting by manifest.
146 silly tarball no local data for busboy@https://registry.npmjs.org/busboy/-/busboy-1.6.0.tgz. Extracting by manifest.
147 silly tarball no local data for buffer-from@https://registry.npmjs.org/buffer-from/-/buffer-from-1.1.2.tgz. Extracting by manifest.
148 silly tarball no local data for bson@https://registry.npmjs.org/bson/-/bson-6.2.0.tgz. Extracting by manifest.
149 silly tarball no local data for body-parser@https://registry.npmjs.org/body-parser/-/body-parser-1.20.2.tgz. Extracting by manifest.
150 silly tarball no local data for array-flatten@https://registry.npmjs.org/array-flatten/-/array-flatten-1.1.1.tgz. Extracting by manifest.
151 silly tarball no local data for accepts@https://registry.npmjs.org/accepts/-/accepts-1.3.8.tgz. Extracting by manifest.
152 silly tarball no local data for @types/whatwg-url@https://registry.npmjs.org/@types/whatwg-url/-/whatwg-url-8.2.2.tgz. Extracting by manifest.
153 silly tarball no local data for @types/webidl-conversions@https://registry.npmjs.org/@types/webidl-conversions/-/webidl-conversions-7.0.3.tgz. Extracting by manifest.
154 silly tarball no local data for @types/node@https://registry.npmjs.org/@types/node/-/node-20.10.5.tgz. Extracting by manifest.
155 silly tarball no local data for @mongodb-js/saslprep@https://registry.npmjs.org/@mongodb-js/saslprep/-/saslprep-1.1.1.tgz. Extracting by manifest.
156 silly tarball no local data for append-field@https://registry.npmjs.org/append-field/-/append-field-1.0.0.tgz. Extracting by manifest.
157 http fetch POST 200 https://registry.npmjs.org/-/npm/v1/security/advisories/bulk 2012ms
158 timing auditReport:getReport Completed in 2043ms
159 silly audit report {}
160 timing auditReport:init Completed in 0ms
161 timing reify:audit Completed in 2045ms
162 http fetch GET 200 https://registry.npmjs.org/util-deprecate/-/util-deprecate-1.0.2.tgz 4038ms (cache miss)
163 timing reifyNode:node_modules/util-deprecate Completed in 4628ms
164 http fetch GET 200 https://registry.npmjs.org/isarray/-/isarray-1.0.0.tgz 4319ms (cache miss)
165 timing reifyNode:node_modules/isarray Completed in 4612ms
166 http fetch GET 200 https://registry.npmjs.org/ee-first/-/ee-first-1.1.1.tgz 4252ms (cache miss)
167 timing reifyNode:node_modules/ee-first Completed in 4636ms
168 http fetch GET 200 https://registry.npmjs.org/fresh/-/fresh-0.5.2.tgz 4279ms (cache miss)
169 timing reifyNode:node_modules/fresh Completed in 4639ms
170 http fetch GET 200 https://registry.npmjs.org/array-flatten/-/array-flatten-1.1.1.tgz 3341ms (cache miss)
171 timing reifyNode:node_modules/array-flatten Completed in 4616ms
172 http fetch GET 200 https://registry.npmjs.org/path-to-regexp/-/path-to-regexp-0.1.7.tgz 3794ms (cache miss)
173 timing reifyNode:node_modules/path-to-regexp Completed in 4658ms
174 http fetch GET 200 https://registry.npmjs.org/ms/-/ms-2.1.3.tgz 3431ms (cache miss)
175 timing reifyNode:node_modules/mongoose/node_modules/ms Completed in 4655ms
176 http fetch GET 200 https://registry.npmjs.org/set-function-length/-/set-function-length-1.1.1.tgz 3857ms (cache miss)
177 timing reifyNode:node_modules/set-function-length Completed in 4660ms
178 http fetch GET 200 https://registry.npmjs.org/buffer-from/-/buffer-from-1.1.2.tgz 3361ms (cache miss)
179 timing reifyNode:node_modules/buffer-from Completed in 4631ms
180 http fetch GET 200 https://registry.npmjs.org/merge-descriptors/-/merge-descriptors-1.0.1.tgz 4393ms (cache miss)
181 timing reifyNode:node_modules/merge-descriptors Completed in 4664ms
182 http fetch GET 200 https://registry.npmjs.org/mkdirp/-/mkdirp-0.5.6.tgz 3725ms (cache miss)
183 timing reifyNode:node_modules/mkdirp Completed in 4666ms
184 http fetch GET 200 https://registry.npmjs.org/memory-pager/-/memory-pager-1.5.0.tgz 4392ms (cache miss)
185 timing reifyNode:node_modules/memory-pager Completed in 4665ms
186 http fetch GET 200 https://registry.npmjs.org/ms/-/ms-2.1.2.tgz 3450ms (cache miss)
187 timing reifyNode:node_modules/mquery/node_modules/ms Completed in 4671ms
188 http fetch GET 200 https://registry.npmjs.org/has-property-descriptors/-/has-property-descriptors-1.0.1.tgz 4316ms (cache miss)
189 http fetch GET 200 https://registry.npmjs.org/sparse-bitfield/-/sparse-bitfield-3.0.3.tgz 3902ms (cache miss)
190 timing reifyNode:node_modules/sparse-bitfield Completed in 4676ms
191 http fetch GET 200 https://registry.npmjs.org/range-parser/-/range-parser-1.2.1.tgz 3848ms (cache miss)
192 timing reifyNode:node_modules/range-parser Completed in 4676ms
193 http fetch GET 200 https://registry.npmjs.org/encodeurl/-/encodeurl-1.0.2.tgz 4278ms (cache miss)
194 timing reifyNode:node_modules/encodeurl Completed in 4662ms
195 http fetch GET 200 https://registry.npmjs.org/ms/-/ms-2.0.0.tgz 3743ms (cache miss)
196 timing reifyNode:node_modules/ms Completed in 4676ms
197 http fetch GET 200 https://registry.npmjs.org/finalhandler/-/finalhandler-1.2.0.tgz 4294ms (cache miss)
198 timing reifyNode:node_modules/finalhandler Completed in 4665ms
199 http fetch GET 200 https://registry.npmjs.org/methods/-/methods-1.1.2.tgz 4405ms (cache miss)
200 timing reifyNode:node_modules/methods Completed in 4673ms
201 http fetch GET 200 https://registry.npmjs.org/concat-stream/-/concat-stream-1.6.2.tgz 4365ms (cache miss)
202 timing reifyNode:node_modules/concat-stream Completed in 4768ms
203 http fetch GET 200 https://registry.npmjs.org/http-errors/-/http-errors-2.0.0.tgz 4479ms (cache miss)
204 timing reifyNode:node_modules/http-errors Completed in 4799ms
205 http fetch GET 200 https://registry.npmjs.org/inherits/-/inherits-2.0.4.tgz 4496ms (cache miss)
206 timing reifyNode:node_modules/inherits Completed in 4801ms
207 http fetch GET 200 https://registry.npmjs.org/on-finished/-/on-finished-2.4.1.tgz 3897ms (cache miss)
208 timing reifyNode:node_modules/on-finished Completed in 4806ms
209 http fetch GET 200 https://registry.npmjs.org/hasown/-/hasown-2.0.0.tgz 4473ms (cache miss)
210 timing reifyNode:node_modules/hasown Completed in 4803ms
211 http fetch GET 200 https://registry.npmjs.org/forwarded/-/forwarded-0.2.0.tgz 4432ms (cache miss)
212 timing reifyNode:node_modules/forwarded Completed in 4796ms
213 http fetch GET 200 https://registry.npmjs.org/mime-types/-/mime-types-2.1.35.tgz 3862ms (cache miss)
214 timing reifyNode:node_modules/mime-types Completed in 4804ms
215 http fetch GET 200 https://registry.npmjs.org/process/-/process-0.11.10.tgz 3953ms (cache miss)
216 timing reifyNode:node_modules/process Completed in 4809ms
217 http fetch GET 200 https://registry.npmjs.org/parseurl/-/parseurl-1.3.3.tgz 3950ms (cache miss)
218 timing reifyNode:node_modules/parseurl Completed in 4809ms
219 http fetch GET 200 https://registry.npmjs.org/@types/whatwg-url/-/whatwg-url-8.2.2.tgz 3497ms (cache miss)
220 timing reifyNode:node_modules/@types/whatwg-url Completed in 4776ms
221 http fetch GET 200 https://registry.npmjs.org/punycode/-/punycode-2.3.1.tgz 3977ms (cache miss)
222 timing reifyNode:node_modules/punycode Completed in 4813ms
223 http fetch GET 200 https://registry.npmjs.org/content-type/-/content-type-1.0.5.tgz 4381ms (cache miss)
224 timing reifyNode:node_modules/content-type Completed in 4780ms
225 http fetch GET 200 https://registry.npmjs.org/content-disposition/-/content-disposition-0.5.4.tgz 4381ms (cache miss)
226 timing reifyNode:node_modules/content-disposition Completed in 4781ms
227 http fetch GET 200 https://registry.npmjs.org/process-nextick-args/-/process-nextick-args-2.0.1.tgz 3964ms (cache miss)
228 timing reifyNode:node_modules/process-nextick-args Completed in 4818ms
229 http fetch GET 200 https://registry.npmjs.org/append-field/-/append-field-1.0.0.tgz 3436ms (cache miss)
230 timing reifyNode:node_modules/append-field Completed in 4785ms
231 http fetch GET 200 https://registry.npmjs.org/unpipe/-/unpipe-1.0.0.tgz 4239ms (cache miss)
232 timing reifyNode:node_modules/unpipe Completed in 4834ms
233 http fetch GET 200 https://registry.npmjs.org/destroy/-/destroy-1.2.0.tgz 4415ms (cache miss)
234 timing reifyNode:node_modules/destroy Completed in 4807ms
235 timing reifyNode:node_modules/has-property-descriptors Completed in 4825ms
236 http fetch GET 200 https://registry.npmjs.org/xtend/-/xtend-4.0.2.tgz 4278ms (cache miss)
237 timing reifyNode:node_modules/xtend Completed in 4847ms
238 http fetch GET 200 https://registry.npmjs.org/gopd/-/gopd-1.0.1.tgz 4470ms (cache miss)
239 timing reifyNode:node_modules/gopd Completed in 4826ms
240 http fetch GET 200 https://registry.npmjs.org/object-assign/-/object-assign-4.1.1.tgz 3920ms (cache miss)
241 timing reifyNode:node_modules/object-assign Completed in 4832ms
242 http fetch GET 200 https://registry.npmjs.org/bytes/-/bytes-3.1.2.tgz 3530ms (cache miss)
243 timing reifyNode:node_modules/bytes Completed in 4798ms
244 http fetch GET 200 https://registry.npmjs.org/has-proto/-/has-proto-1.0.1.tgz 4495ms (cache miss)
245 timing reifyNode:node_modules/has-proto Completed in 4828ms
246 http fetch GET 200 https://registry.npmjs.org/type-is/-/type-is-1.6.18.tgz 4224ms (cache miss)
247 timing reifyNode:node_modules/type-is Completed in 4845ms
248 http fetch GET 200 https://registry.npmjs.org/@types/webidl-conversions/-/webidl-conversions-7.0.3.tgz 3506ms (cache miss)
249 timing reifyNode:node_modules/@types/webidl-conversions Completed in 4801ms
250 http fetch GET 200 https://registry.npmjs.org/etag/-/etag-1.8.1.tgz 4454ms (cache miss)
251 timing reifyNode:node_modules/etag Completed in 4824ms
252 http fetch GET 200 https://registry.npmjs.org/ms/-/ms-2.1.3.tgz 3616ms (cache miss)
253 timing reifyNode:node_modules/send/node_modules/ms Completed in 4839ms
254 http fetch GET 200 https://registry.npmjs.org/media-typer/-/media-typer-0.3.0.tgz 4554ms (cache miss)
255 timing reifyNode:node_modules/media-typer Completed in 4835ms
256 http fetch GET 200 https://registry.npmjs.org/utils-merge/-/utils-merge-1.0.1.tgz 4282ms (cache miss)
257 timing reifyNode:node_modules/utils-merge Completed in 4854ms
258 http fetch GET 200 https://registry.npmjs.org/cookie-signature/-/cookie-signature-1.0.6.tgz 4423ms (cache miss)
259 timing reifyNode:node_modules/cookie-signature Completed in 4808ms
260 http fetch GET 200 https://registry.npmjs.org/setprototypeof/-/setprototypeof-1.2.0.tgz 4127ms (cache miss)
261 timing reifyNode:node_modules/setprototypeof Completed in 4929ms
262 http fetch GET 200 https://registry.npmjs.org/depd/-/depd-2.0.0.tgz 4519ms (cache miss)
263 timing reifyNode:node_modules/depd Completed in 4913ms
264 http fetch GET 200 https://registry.npmjs.org/vary/-/vary-1.1.2.tgz 4367ms (cache miss)
265 timing reifyNode:node_modules/vary Completed in 4942ms
266 http fetch GET 200 https://registry.npmjs.org/path/-/path-0.12.7.tgz 4070ms (cache miss)
267 timing reifyNode:node_modules/path Completed in 4933ms
268 http fetch GET 200 https://registry.npmjs.org/accepts/-/accepts-1.3.8.tgz 3621ms (cache miss)
269 timing reifyNode:node_modules/accepts Completed in 4898ms
270 http fetch GET 200 https://registry.npmjs.org/escape-html/-/escape-html-1.0.3.tgz 4543ms (cache miss)
271 timing reifyNode:node_modules/escape-html Completed in 4920ms
272 http fetch GET 200 https://registry.npmjs.org/negotiator/-/negotiator-0.6.3.tgz 4015ms (cache miss)
273 timing reifyNode:node_modules/negotiator Completed in 4933ms
274 http fetch GET 200 https://registry.npmjs.org/proxy-addr/-/proxy-addr-2.0.7.tgz 4098ms (cache miss)
275 timing reifyNode:node_modules/proxy-addr Completed in 4935ms
276 http fetch GET 200 https://registry.npmjs.org/util/-/util-0.10.4.tgz 3985ms (cache miss)
277 timing reifyNode:node_modules/util Completed in 4947ms
278 http fetch GET 200 https://registry.npmjs.org/toidentifier/-/toidentifier-1.0.1.tgz 4323ms (cache miss)
279 timing reifyNode:node_modules/toidentifier Completed in 4942ms
280 http fetch GET 200 https://registry.npmjs.org/string_decoder/-/string_decoder-1.1.1.tgz 4325ms (cache miss)
281 timing reifyNode:node_modules/string_decoder Completed in 4942ms
282 http fetch GET 200 https://registry.npmjs.org/statuses/-/statuses-2.0.1.tgz 4295ms (cache miss)
283 timing reifyNode:node_modules/statuses Completed in 4941ms
284 http fetch GET 200 https://registry.npmjs.org/webidl-conversions/-/webidl-conversions-7.0.0.tgz 4376ms (cache miss)
285 timing reifyNode:node_modules/webidl-conversions Completed in 4960ms
286 http fetch GET 200 https://registry.npmjs.org/side-channel/-/side-channel-1.0.4.tgz 4145ms (cache miss)
287 timing reifyNode:node_modules/side-channel Completed in 4946ms
288 http fetch GET 200 https://registry.npmjs.org/safe-buffer/-/safe-buffer-5.2.1.tgz 4124ms (cache miss)
289 timing reifyNode:node_modules/safe-buffer Completed in 4945ms
290 http fetch GET 200 https://registry.npmjs.org/inherits/-/inherits-2.0.3.tgz 3774ms (cache miss)
291 timing reifyNode:node_modules/util/node_modules/inherits Completed in 4961ms
292 http fetch GET 200 https://registry.npmjs.org/raw-body/-/raw-body-2.5.1.tgz 3716ms (cache miss)
293 timing reifyNode:node_modules/express/node_modules/raw-body Completed in 4937ms
294 http fetch GET 200 https://registry.npmjs.org/core-util-is/-/core-util-is-1.0.3.tgz 4537ms (cache miss)
295 timing reifyNode:node_modules/core-util-is Completed in 4915ms
296 http fetch GET 200 https://registry.npmjs.org/call-bind/-/call-bind-1.0.5.tgz 3653ms (cache miss)
297 timing reifyNode:node_modules/call-bind Completed in 4916ms
298 http fetch GET 200 https://registry.npmjs.org/cookie/-/cookie-0.5.0.tgz 4616ms (cache miss)
299 timing reifyNode:node_modules/cookie Completed in 5014ms
300 http fetch GET 200 https://registry.npmjs.org/serve-static/-/serve-static-1.15.0.tgz 4248ms (cache miss)
301 timing reifyNode:node_modules/serve-static Completed in 5052ms
302 http fetch GET 200 https://registry.npmjs.org/send/-/send-0.18.0.tgz 4244ms (cache miss)
303 timing reifyNode:node_modules/send Completed in 5056ms
304 http fetch GET 200 https://registry.npmjs.org/typedarray/-/typedarray-0.0.6.tgz 4500ms (cache miss)
305 timing reifyNode:node_modules/typedarray Completed in 5121ms
306 http fetch GET 200 https://registry.npmjs.org/kareem/-/kareem-2.5.1.tgz 4813ms (cache miss)
307 timing reifyNode:node_modules/kareem Completed in 5105ms
308 http fetch GET 200 https://registry.npmjs.org/raw-body/-/raw-body-2.5.2.tgz 4284ms (cache miss)
309 timing reifyNode:node_modules/raw-body Completed in 5111ms
310 http fetch GET 200 https://registry.npmjs.org/streamsearch/-/streamsearch-1.1.0.tgz 4467ms (cache miss)
311 timing reifyNode:node_modules/streamsearch Completed in 5112ms
312 http fetch GET 200 https://registry.npmjs.org/safe-buffer/-/safe-buffer-5.1.2.tgz 3942ms (cache miss)
313 timing reifyNode:node_modules/string_decoder/node_modules/safe-buffer Completed in 5113ms
314 http fetch GET 200 https://registry.npmjs.org/mongodb-connection-string-url/-/mongodb-connection-string-url-2.6.0.tgz 4172ms (cache miss)
315 timing reifyNode:node_modules/mongodb-connection-string-url Completed in 5109ms
316 http fetch GET 200 https://registry.npmjs.org/define-data-property/-/define-data-property-1.1.1.tgz 4734ms (cache miss)
317 timing reifyNode:node_modules/define-data-property Completed in 5119ms
318 http fetch GET 200 https://registry.npmjs.org/ipaddr.js/-/ipaddr.js-1.9.1.tgz 4844ms (cache miss)
319 timing reifyNode:node_modules/ipaddr.js Completed in 5140ms
320 http fetch GET 200 https://registry.npmjs.org/safer-buffer/-/safer-buffer-2.1.2.tgz 4367ms (cache miss)
321 timing reifyNode:node_modules/safer-buffer Completed in 5180ms
322 http fetch GET 200 https://registry.npmjs.org/safe-buffer/-/safe-buffer-5.1.2.tgz 4027ms (cache miss)
323 timing reifyNode:node_modules/readable-stream/node_modules/safe-buffer Completed in 5199ms
324 http fetch GET 200 https://registry.npmjs.org/has-symbols/-/has-symbols-1.0.3.tgz 4825ms (cache miss)
325 timing reifyNode:node_modules/has-symbols Completed in 5194ms
326 http fetch GET 200 https://registry.npmjs.org/function-bind/-/function-bind-1.1.2.tgz 4832ms (cache miss)
327 timing reifyNode:node_modules/function-bind Completed in 5191ms
328 http fetch GET 200 https://registry.npmjs.org/get-intrinsic/-/get-intrinsic-1.2.2.tgz 4790ms (cache miss)
329 timing reifyNode:node_modules/get-intrinsic Completed in 5199ms
330 http fetch GET 200 https://registry.npmjs.org/debug/-/debug-4.3.4.tgz 4006ms (cache miss)
331 timing reifyNode:node_modules/mquery/node_modules/debug Completed in 5234ms
332 http fetch GET 200 https://registry.npmjs.org/multer/-/multer-1.4.5-lts.1.tgz 4320ms (cache miss)
333 timing reifyNode:node_modules/multer Completed in 5251ms
334 http fetch GET 200 https://registry.npmjs.org/body-parser/-/body-parser-1.20.1.tgz 3998ms (cache miss)
335 timing reifyNode:node_modules/express/node_modules/body-parser Completed in 5239ms
336 http fetch GET 200 https://registry.npmjs.org/dotenv/-/dotenv-16.3.1.tgz 4874ms (cache miss)
337 timing reifyNode:node_modules/dotenv Completed in 5261ms
338 http fetch GET 200 https://registry.npmjs.org/mime/-/mime-1.6.0.tgz 5017ms (cache miss)
339 timing reifyNode:node_modules/mime Completed in 5272ms
340 http fetch GET 200 https://registry.npmjs.org/mime-db/-/mime-db-1.52.0.tgz 4417ms (cache miss)
341 timing reifyNode:node_modules/mime-db Completed in 5361ms
342 http fetch GET 200 https://registry.npmjs.org/mpath/-/mpath-0.9.0.tgz 4428ms (cache miss)
343 timing reifyNode:node_modules/mpath Completed in 5364ms
344 http fetch GET 200 https://registry.npmjs.org/debug/-/debug-2.6.9.tgz 4959ms (cache miss)
345 timing reifyNode:node_modules/debug Completed in 5337ms
346 http fetch GET 200 https://registry.npmjs.org/body-parser/-/body-parser-1.20.2.tgz 4066ms (cache miss)
347 timing reifyNode:node_modules/body-parser Completed in 5340ms
348 http fetch GET 200 https://registry.npmjs.org/minimist/-/minimist-1.2.8.tgz 4705ms (cache miss)
349 timing reifyNode:node_modules/minimist Completed in 5646ms
350 http fetch GET 200 https://registry.npmjs.org/whatwg-url/-/whatwg-url-11.0.0.tgz 5138ms (cache miss)
351 timing reifyNode:node_modules/whatwg-url Completed in 5707ms
352 http fetch GET 200 https://registry.npmjs.org/@mongodb-js/saslprep/-/saslprep-1.1.1.tgz 4359ms (cache miss)
353 timing reifyNode:node_modules/@mongodb-js/saslprep Completed in 5680ms
354 http fetch GET 200 https://registry.npmjs.org/mquery/-/mquery-5.0.0.tgz 4838ms (cache miss)
355 timing reifyNode:node_modules/mquery Completed in 5782ms
356 http fetch GET 200 https://registry.npmjs.org/tr46/-/tr46-3.0.0.tgz 5259ms (cache miss)
357 timing reifyNode:node_modules/tr46 Completed in 5884ms
358 http fetch GET 200 https://registry.npmjs.org/busboy/-/busboy-1.6.0.tgz 4570ms (cache miss)
359 timing reifyNode:node_modules/busboy Completed in 5839ms
360 http fetch GET 200 https://registry.npmjs.org/undici-types/-/undici-types-5.26.5.tgz 5303ms (cache miss)
361 timing reifyNode:node_modules/undici-types Completed in 5898ms
362 http fetch GET 200 https://registry.npmjs.org/readable-stream/-/readable-stream-2.3.8.tgz 5120ms (cache miss)
363 timing reifyNode:node_modules/readable-stream Completed in 5946ms
364 http fetch GET 200 https://registry.npmjs.org/qs/-/qs-6.11.0.tgz 5170ms (cache miss)
365 timing reifyNode:node_modules/qs Completed in 6005ms
366 http fetch GET 200 https://registry.npmjs.org/object-inspect/-/object-inspect-1.13.1.tgz 5098ms (cache miss)
367 timing reifyNode:node_modules/object-inspect Completed in 6007ms
368 http fetch GET 200 https://registry.npmjs.org/express/-/express-4.18.2.tgz 5648ms (cache miss)
369 timing reifyNode:node_modules/express Completed in 6017ms
370 http fetch GET 200 https://registry.npmjs.org/sift/-/sift-16.0.1.tgz 5674ms (cache miss)
371 timing reifyNode:node_modules/sift Completed in 6512ms
372 http fetch GET 200 https://registry.npmjs.org/iconv-lite/-/iconv-lite-0.4.24.tgz 6297ms (cache miss)
373 timing reifyNode:node_modules/iconv-lite Completed in 6605ms
374 http fetch GET 200 https://registry.npmjs.org/bson/-/bson-6.2.0.tgz 5732ms (cache miss)
375 timing reifyNode:node_modules/bson Completed in 7026ms
376 http fetch GET 200 https://registry.npmjs.org/@types/node/-/node-20.10.5.tgz 6727ms (cache miss)
377 timing reifyNode:node_modules/@types/node Completed in 8025ms
378 http fetch GET 200 https://registry.npmjs.org/mongoose/-/mongoose-8.0.3.tgz 7277ms (cache miss)
379 timing reifyNode:node_modules/mongoose Completed in 8215ms
380 http fetch GET 200 https://registry.npmjs.org/mongodb/-/mongodb-6.2.0.tgz 7412ms (cache miss)
381 timing reifyNode:node_modules/mongodb Completed in 8355ms
382 timing reify:unpack Completed in 8374ms
383 timing reify:unretire Completed in 1ms
384 timing build:queue Completed in 17ms
385 timing build:link:node_modules/mime Completed in 13ms
386 timing build:link:node_modules/mkdirp Completed in 12ms
387 timing build:link Completed in 13ms
388 timing build:deps Completed in 30ms
389 timing build Completed in 36ms
390 timing reify:build Completed in 36ms
391 timing reify:trash Completed in 0ms
392 timing reify:save Completed in 111ms
393 timing reify Completed in 9873ms
394 silly ADD node_modules/xtend
395 silly ADD node_modules/whatwg-url
396 silly ADD node_modules/webidl-conversions
397 silly ADD node_modules/vary
398 silly ADD node_modules/utils-merge
399 silly ADD node_modules/util-deprecate
400 silly ADD node_modules/util
401 silly ADD node_modules/util/node_modules/inherits
402 silly ADD node_modules/unpipe
403 silly ADD node_modules/undici-types
404 silly ADD node_modules/typedarray
405 silly ADD node_modules/type-is
406 silly ADD node_modules/tr46
407 silly ADD node_modules/toidentifier
408 silly ADD node_modules/string_decoder
409 silly ADD node_modules/string_decoder/node_modules/safe-buffer
410 silly ADD node_modules/streamsearch
411 silly ADD node_modules/statuses
412 silly ADD node_modules/sparse-bitfield
413 silly ADD node_modules/sift
414 silly ADD node_modules/side-channel
415 silly ADD node_modules/setprototypeof
416 silly ADD node_modules/set-function-length
417 silly ADD node_modules/serve-static
418 silly ADD node_modules/send
419 silly ADD node_modules/send/node_modules/ms
420 silly ADD node_modules/safer-buffer
421 silly ADD node_modules/safe-buffer
422 silly ADD node_modules/readable-stream
423 silly ADD node_modules/readable-stream/node_modules/safe-buffer
424 silly ADD node_modules/raw-body
425 silly ADD node_modules/range-parser
426 silly ADD node_modules/qs
427 silly ADD node_modules/punycode
428 silly ADD node_modules/proxy-addr
429 silly ADD node_modules/process-nextick-args
430 silly ADD node_modules/process
431 silly ADD node_modules/path-to-regexp
432 silly ADD node_modules/path
433 silly ADD node_modules/parseurl
434 silly ADD node_modules/on-finished
435 silly ADD node_modules/object-inspect
436 silly ADD node_modules/object-assign
437 silly ADD node_modules/negotiator
438 silly ADD node_modules/multer
439 silly ADD node_modules/ms
440 silly ADD node_modules/mquery
441 silly ADD node_modules/mquery/node_modules/ms
442 silly ADD node_modules/mquery/node_modules/debug
443 silly ADD node_modules/mpath
444 silly ADD node_modules/mongoose
445 silly ADD node_modules/mongoose/node_modules/ms
446 silly ADD node_modules/mongodb-connection-string-url
447 silly ADD node_modules/mongodb
448 silly ADD node_modules/mkdirp
449 silly ADD node_modules/minimist
450 silly ADD node_modules/mime-types
451 silly ADD node_modules/mime-db
452 silly ADD node_modules/mime
453 silly ADD node_modules/methods
454 silly ADD node_modules/merge-descriptors
455 silly ADD node_modules/memory-pager
456 silly ADD node_modules/media-typer
457 silly ADD node_modules/kareem
458 silly ADD node_modules/isarray
459 silly ADD node_modules/ipaddr.js
460 silly ADD node_modules/inherits
461 silly ADD node_modules/iconv-lite
462 silly ADD node_modules/http-errors
463 silly ADD node_modules/hasown
464 silly ADD node_modules/has-symbols
465 silly ADD node_modules/has-proto
466 silly ADD node_modules/has-property-descriptors
467 silly ADD node_modules/gopd
468 silly ADD node_modules/get-intrinsic
469 silly ADD node_modules/function-bind
470 silly ADD node_modules/fresh
471 silly ADD node_modules/forwarded
472 silly ADD node_modules/finalhandler
473 silly ADD node_modules/express
474 silly ADD node_modules/express/node_modules/raw-body
475 silly ADD node_modules/express/node_modules/body-parser
476 silly ADD node_modules/etag
477 silly ADD node_modules/escape-html
478 silly ADD node_modules/encodeurl
479 silly ADD node_modules/ee-first
480 silly ADD node_modules/dotenv
481 silly ADD node_modules/destroy
482 silly ADD node_modules/depd
483 silly ADD node_modules/define-data-property
484 silly ADD node_modules/debug
485 silly ADD node_modules/core-util-is
486 silly ADD node_modules/cookie-signature
487 silly ADD node_modules/cookie
488 silly ADD node_modules/content-type
489 silly ADD node_modules/content-disposition
490 silly ADD node_modules/concat-stream
491 silly ADD node_modules/call-bind
492 silly ADD node_modules/bytes
493 silly ADD node_modules/busboy
494 silly ADD node_modules/buffer-from
495 silly ADD node_modules/bson
496 silly ADD node_modules/body-parser
497 silly ADD node_modules/array-flatten
498 silly ADD node_modules/append-field
499 silly ADD node_modules/accepts
500 silly ADD node_modules/@types/whatwg-url
501 silly ADD node_modules/@types/webidl-conversions
502 silly ADD node_modules/@types/node
503 silly ADD node_modules/@mongodb-js/saslprep
504 timing command:install Completed in 9913ms
505 verbose exit 0
506 timing npm Completed in 11443ms
507 info ok
